----------------------------------------------------------------
<<<<<<< HEAD
Mon Dec 24 13:46:52 ICT 2012:
Booting Derby version The Apache Software Foundation - Apache Derby - 10.8.1.2 - (1095077): instance a816c00e-013b-cba9-f680-000002670318 
on database directory C:\temp\exceedvote  with class loader sun.misc.Launcher$AppClassLoader@5e875dee 
Loaded from file:/C:/Users/admin/Documents/workspace/lib/derby.jar
java.vendor=Oracle Corporation
java.runtime.version=1.7.0_06-b24
user.dir=C:\Users\admin\Documents\workspace\eXceedVoteServer
=======
Wed Dec 19 23:50:44 ICT 2012:
Booting Derby version The Apache Software Foundation - Apache Derby - 10.8.1.2 - (1095077): instance a816c00e-013b-b413-089e-00000498c4a8 
on database directory /temp/exceedvote  with class loader sun.misc.Launcher$AppClassLoader@7a9664a1 
Loaded from file:/Users/EzZero/Downloads/lib/derby.jar
java.vendor=Apple Inc.
java.runtime.version=1.6.0_37-b06-434-11M3909
user.dir=/Users/EzZero/softspec/eXceedVoteServer
>>>>>>> 675cd1c08d2179cbfc4a01242f1933b255bd168e
derby.system.home=null
Database Class Loader started - derby.database.classpath=''
